<?xml version="1.0" encoding="UTF-8"?>
<!-- Generated by org.testng.reporters.JUnitXMLReporter -->
<testsuite ignored="1" hostname="lenova1" failures="0" tests="1" name="Default test" time="19.258" errors="0" timestamp="04 Jun 2025 09:23:00 GMT">
  <testcase classname="com.testcases.TC002_ManagerLogin" name="openAccount" time="16.572"/>
  <testcase classname="com.testcases.TC002_ManagerLogin" name="addCustomer" time="0.0">
    <ignored/>
  </testcase> <!-- addCustomer -->
</testsuite> <!-- Default test -->
