<?xml version="1.0" encoding="UTF-8"?>
<!-- Generated by org.testng.reporters.JUnitXMLReporter -->
<testsuite ignored="0" hostname="lenova1" failures="0" tests="3" name="Test" time="5.24" errors="0" timestamp="13 Jun 2025 11:42:12 GMT">
  <testcase classname="com.testcases.TC002_ManagerLogin" name="addCustomer" time="0.874"/>
  <testcase classname="com.testcases.TC002_ManagerLogin" name="addCustomer" time="0.427"/>
  <testcase classname="com.testcases.TC002_ManagerLogin" name="addCustomer" time="0.444"/>
</testsuite> <!-- Test -->
