<?xml version="1.0" encoding="UTF-8"?>
<testng-results ignored="0" total="3" passed="3" failed="0" skipped="0">
  <reporter-output>
  </reporter-output>
  <suite started-at="2025-06-13T11:42:06Z" name="Suite" finished-at="2025-06-13T11:42:11Z" duration-ms="5240">
    <groups>
    </groups>
    <test started-at="2025-06-13T11:42:06Z" name="Test" finished-at="2025-06-13T11:42:11Z" duration-ms="5240">
      <class name="com.testcases.TC002_ManagerLogin">
        <test-method is-config="true" signature="setup()[pri:0, instance:com.testcases.TC002_ManagerLogin@5a59ca5e]" started-at="2025-06-13T11:42:06Z" name="setup" finished-at="2025-06-13T11:42:09Z" duration-ms="2384" status="PASS">
          <reporter-output>
          </reporter-output>
        </test-method> <!-- setup -->
        <test-method is-config="true" signature="beforeTestCase()[pri:0, instance:com.testcases.TC002_ManagerLogin@5a59ca5e]" started-at="2025-06-13T11:42:09Z" name="beforeTestCase" finished-at="2025-06-13T11:42:09Z" duration-ms="350" status="PASS">
          <reporter-output>
          </reporter-output>
        </test-method> <!-- beforeTestCase -->
        <test-method signature="addCustomer(java.lang.String, java.lang.String, java.lang.String)[pri:0, instance:com.testcases.TC002_ManagerLogin@5a59ca5e]" started-at="2025-06-13T11:42:10Z" name="addCustomer" data-provider="addCustomers" finished-at="2025-06-13T11:42:10Z" duration-ms="874" status="PASS">
          <params>
            <param index="0">
              <value>
                <![CDATA[lakshmi]]>
              </value>
            </param>
            <param index="1">
              <value>
                <![CDATA[kumaari]]>
              </value>
            </param>
            <param index="2">
              <value>
                <![CDATA[500049]]>
              </value>
            </param>
          </params>
          <reporter-output>
          </reporter-output>
        </test-method> <!-- addCustomer -->
        <test-method signature="addCustomer(java.lang.String, java.lang.String, java.lang.String)[pri:0, instance:com.testcases.TC002_ManagerLogin@5a59ca5e]" started-at="2025-06-13T11:42:10Z" name="addCustomer" data-provider="addCustomers" finished-at="2025-06-13T11:42:11Z" duration-ms="427" status="PASS">
          <params>
            <param index="0">
              <value>
                <![CDATA[sadhana]]>
              </value>
            </param>
            <param index="1">
              <value>
                <![CDATA[parthavi]]>
              </value>
            </param>
            <param index="2">
              <value>
                <![CDATA[500049]]>
              </value>
            </param>
          </params>
          <reporter-output>
          </reporter-output>
        </test-method> <!-- addCustomer -->
        <test-method signature="addCustomer(java.lang.String, java.lang.String, java.lang.String)[pri:0, instance:com.testcases.TC002_ManagerLogin@5a59ca5e]" started-at="2025-06-13T11:42:11Z" name="addCustomer" data-provider="addCustomers" finished-at="2025-06-13T11:42:11Z" duration-ms="444" status="PASS">
          <params>
            <param index="0">
              <value>
                <![CDATA[purvika]]>
              </value>
            </param>
            <param index="1">
              <value>
                <![CDATA[saisree]]>
              </value>
            </param>
            <param index="2">
              <value>
                <![CDATA[534002]]>
              </value>
            </param>
          </params>
          <reporter-output>
          </reporter-output>
        </test-method> <!-- addCustomer -->
        <test-method is-config="true" signature="teardown()[pri:0, instance:com.testcases.TC002_ManagerLogin@5a59ca5e]" started-at="2025-06-13T11:42:11Z" name="teardown" finished-at="2025-06-13T11:42:11Z" duration-ms="168" status="PASS">
          <reporter-output>
          </reporter-output>
        </test-method> <!-- teardown -->
      </class> <!-- com.testcases.TC002_ManagerLogin -->
    </test> <!-- Test -->
  </suite> <!-- Suite -->
</testng-results>
