<?xml version="1.0" encoding="UTF-8"?>
<testng-results ignored="1" total="2" passed="1" failed="0" skipped="0">
  <reporter-output>
  </reporter-output>
  <suite started-at="2025-06-04T09:22:41Z" name="Default suite" finished-at="2025-06-04T09:23:00Z" duration-ms="19258">
    <groups>
    </groups>
    <test started-at="2025-06-04T09:22:41Z" name="Default test" finished-at="2025-06-04T09:23:00Z" duration-ms="19258">
      <class name="com.testcases.TC002_ManagerLogin">
        <test-method is-config="true" signature="setup()[pri:0, instance:com.testcases.TC002_ManagerLogin@4bdeaabb]" started-at="2025-06-04T09:22:41Z" name="setup" finished-at="2025-06-04T09:22:44Z" duration-ms="2538" status="PASS">
          <reporter-output>
          </reporter-output>
        </test-method> <!-- setup -->
        <test-method signature="openAccount()[pri:0, instance:com.testcases.TC002_ManagerLogin@4bdeaabb]" started-at="2025-06-04T09:22:44Z" name="openAccount" finished-at="2025-06-04T09:23:00Z" duration-ms="16572" status="PASS">
          <reporter-output>
          </reporter-output>
        </test-method> <!-- openAccount -->
        <test-method is-config="true" signature="teardown()[pri:0, instance:com.testcases.TC002_ManagerLogin@4bdeaabb]" started-at="2025-06-04T09:23:00Z" name="teardown" finished-at="2025-06-04T09:23:00Z" duration-ms="128" status="PASS">
          <reporter-output>
          </reporter-output>
        </test-method> <!-- teardown -->
      </class> <!-- com.testcases.TC002_ManagerLogin -->
    </test> <!-- Default test -->
  </suite> <!-- Default suite -->
</testng-results>
